Arguments: 
  E:\nodejs\node.exe D:\yarn\bin\yarn.js list

PATH: 
  C:\ProgramData\Oracle\Java\javapath;E:\app\Administrator\product\11.2.0\dbhome_1\bin;D:\jdk1.7\bin;D:\jdk1.7\jre\bin;C:\Program Files (x86)\Intel\iCLS Client\;C:\Program Files\Intel\iCLS Client\;C:\Windows\system32;C:\Windows;C:\Windows\System32\Wbem;C:\Windows\System32\WindowsPowerShell\v1.0\;C:\Program Files\Intel\Intel(R) Management Engine Components\DAL;C:\Program Files\Intel\Intel(R) Management Engine Components\IPT;C:\Program Files (x86)\Intel\Intel(R) Management Engine Components\DAL;C:\Program Files (x86)\Intel\Intel(R) Management Engine Components\IPT;E:\jbossD\bin in PATH;E:\Git\cmd;E:\apache-ant-1.9.9-bin\bin;E:\apache-maven-3.5.2-bin\bin;E:\python;E:\python\Scripts;E:\gradle\bin;C:\Users\Administrator\Downloads\spring-boot-cli-2.0.0.BUILD-SNAPSHOT-bin\bin;D:\train\mysql-5.7.18-winx64\bin;D:\yarn\bin\;E:\nodejs\;E:\nodejs\node_global;E:\Python27;E:\vc6.0\Tools\WinNT;E:\vc6.0\MSDev98\Bin;E:\vc6.0\Tools;E:\VC98\bin;C:\Users\Administrator\AppData\Local\Yarn\bin;E:\Microsoft VS Code\bin;C:\Users\Administrator\AppData\Roaming\npm

Yarn version: 
  1.5.1

Node version: 
  8.11.1

Platform: 
  win32 x64

npm manifest: 
  {
    "name": "vue-issues-spa",
    "description": "A Vue.js project for ce issues control",
    "author": "Davie Huang",
    "scripts": {
      "dev": "cross-env NODE_ENV=development webpack-dev-server --inline --hot",
      "build": "cross-env NODE_ENV=production webpack --progress --hide-modules"
    },
    "dependencies": {
      "element-ui": "^1.2.3",
      "url-loader": "^0.5.8",
      "vue": "^2.1.3",
      "vue-router": "^2.1.0",
      "vuex": "^2.0.0"
    },
    "devDependencies": {
      "axios": "^0.15.3",
      "babel-core": "^6.9.1",
      "babel-loader": "^6.2.4",
      "babel-plugin-transform-runtime": "^6.1.2",
      "babel-preset-es2015": "^6.9.0",
      "babel-runtime": "^6.9.2",
      "cross-env": "^3.1.3",
      "css-loader": "^0.23.1",
      "element-ui": "^1.2.3",
      "extract-text-webpack-plugin": "^1.0.1",
      "file-loader": "^0.8.5",
      "html-webpack-plugin": "^2.16.1",
      "node-sass": "^3.8.0",
      "sass-loader": "^3.2.0",
      "style-loader": "^0.13.1",
      "url-loader": "^0.5.8",
      "vue-chartjs": "^2.5.3",
      "vue-loader": "^10.0.2",
      "vue-style-loader": "^1.0.0",
      "vue-template-compiler": "^2.1.3",
      "webpack": "^1.13.0",
      "webpack-dev-server": "^1.14.1"
    }
  }

yarn manifest: 
  No manifest

Lockfile: 
  No lockfile

Trace: 
  Error: No lockfile in this directory. Run `yarn install` to generate one.
      at new MessageError (D:\yarn\lib\cli.js:186:110)
      at D:\yarn\lib\cli.js:89389:13
      at <anonymous>
